<?xml version="1.0" encoding="UTF-8"?>
<testsuite xmlns:xsi="http://www.w3.org/2001/XMLSchema-instance" xsi:noNamespaceSchemaLocation="https://maven.apache.org/surefire/maven-surefire-plugin/xsd/surefire-test-report-3.0.xsd" version="3.0" name="de.sfuhrm.sudoku.output.PlainTextFormatterTest" time="0.021" tests="10" errors="0" skipped="0" failures="0">
  <properties>
[...]
</properties>
  <testcase name="testGetColumnSeparator" classname="de.sfuhrm.sudoku.output.PlainTextFormatterTest" time="0.001"/>
  <testcase name="testGetRowSeparator" classname="de.sfuhrm.sudoku.output.PlainTextFormatterTest" time="0.001"/>
  <testcase name="testSetColumnSeparator" classname="de.sfuhrm.sudoku.output.PlainTextFormatterTest" time="0"/>
  <testcase name="testSetRowSeparator" classname="de.sfuhrm.sudoku.output.PlainTextFormatterTest" time="0.001"/>
  <testcase name="testGetUnknownCellContentCharacter" classname="de.sfuhrm.sudoku.output.PlainTextFormatterTest" time="0.001"/>
  <testcase name="testSetUnknownCellContentCharacter" classname="de.sfuhrm.sudoku.output.PlainTextFormatterTest" time="0.001"/>
  <testcase name="testNew" classname="de.sfuhrm.sudoku.output.PlainTextFormatterTest" time="0.001"/>
  <testcase name="testFormatWithEmpty" classname="de.sfuhrm.sudoku.output.PlainTextFormatterTest" time="0.001"/>
  <testcase name="testFormatWithFullMatrix" classname="de.sfuhrm.sudoku.output.PlainTextFormatterTest" time="0.001"/>
  <testcase name="testFormatWithEmptyAndOtherUnknownCharacter" classname="de.sfuhrm.sudoku.output.PlainTextFormatterTest" time="0.001"/>
</testsuite>